  Source.c
C:\Users\huije\OneDrive\바탕 화면\re_sbs_game\remember&draw\Source.c(68,12): warning C4129: ' ': unrecognized character escape sequence
C:\Users\huije\OneDrive\바탕 화면\re_sbs_game\remember&draw\Source.c(69,12): warning C4129: ' ': unrecognized character escape sequence
C:\Users\huije\OneDrive\바탕 화면\re_sbs_game\remember&draw\Source.c(72,12): warning C4129: ' ': unrecognized character escape sequence
C:\Users\huije\OneDrive\바탕 화면\re_sbs_game\remember&draw\Source.c(73,12): warning C4129: ' ': unrecognized character escape sequence
C:\Users\huije\OneDrive\바탕 화면\re_sbs_game\remember&draw\Source.c(73,12): warning C4129: '_': unrecognized character escape sequence
C:\Users\huije\OneDrive\바탕 화면\re_sbs_game\remember&draw\Source.c(74,12): warning C4129: '_': unrecognized character escape sequence
C:\Users\huije\OneDrive\바탕 화면\re_sbs_game\remember&draw\Source.c(74,12): warning C4129: '|': unrecognized character escape sequence
C:\Users\huije\OneDrive\바탕 화면\re_sbs_game\remember&draw\Source.c(77,12): warning C4129: '_': unrecognized character escape sequence
C:\Users\huije\OneDrive\바탕 화면\re_sbs_game\remember&draw\Source.c(83,12): warning C4129: '_': unrecognized character escape sequence
C:\Users\huije\OneDrive\바탕 화면\re_sbs_game\remember&draw\Source.c(198,10): warning C4129: ' ': unrecognized character escape sequence
C:\Users\huije\OneDrive\바탕 화면\re_sbs_game\remember&draw\Source.c(199,10): warning C4129: ' ': unrecognized character escape sequence
C:\Users\huije\OneDrive\바탕 화면\re_sbs_game\remember&draw\Source.c(202,10): warning C4129: ' ': unrecognized character escape sequence
C:\Users\huije\OneDrive\바탕 화면\re_sbs_game\remember&draw\Source.c(203,10): warning C4129: ' ': unrecognized character escape sequence
C:\Users\huije\OneDrive\바탕 화면\re_sbs_game\remember&draw\Source.c(203,10): warning C4129: '_': unrecognized character escape sequence
C:\Users\huije\OneDrive\바탕 화면\re_sbs_game\remember&draw\Source.c(204,10): warning C4129: '_': unrecognized character escape sequence
C:\Users\huije\OneDrive\바탕 화면\re_sbs_game\remember&draw\Source.c(204,10): warning C4129: '|': unrecognized character escape sequence
C:\Users\huije\OneDrive\바탕 화면\re_sbs_game\remember&draw\Source.c(207,10): warning C4129: '_': unrecognized character escape sequence
C:\Users\huije\OneDrive\바탕 화면\re_sbs_game\remember&draw\Source.c(213,10): warning C4129: '_': unrecognized character escape sequence
  remember&draw.vcxproj -> C:\Users\huije\OneDrive\바탕 화면\re_sbs_game\remember&draw\x64\Debug\remember&draw.exe
